<?xml version="1.0" encoding="UTF-8"?>
<!-- Generated by org.testng.reporters.JUnitXMLReporter -->
<testsuite ignored="0" hostname="DESKTOP-T5IFU01" failures="1" tests="1" name="Android" time="8.184" errors="0" timestamp="2021-05-03T14:50:22 EET">
  <testcase classname="com.qacart.testCases.LoginTest" name="loiginTestCase" time="0.052">
    <failure type="java.lang.RuntimeException" message="java.lang.NoSuchMethodException: jdk.proxy2.$Proxy10.proxyClassLookup()">
      <![CDATA[java.lang.RuntimeException: java.lang.NoSuchMethodException: jdk.proxy2.$Proxy10.proxyClassLookup()
at io.appium.java_client.pagefactory.bys.builder.AppiumByBuilder.prepareAnnotationMethods(AppiumByBuilder.java:85)
at io.appium.java_client.pagefactory.bys.builder.AppiumByBuilder.getFilledValue(AppiumByBuilder.java:92)
at io.appium.java_client.pagefactory.bys.builder.AppiumByBuilder.createBy(AppiumByBuilder.java:148)
at io.appium.java_client.pagefactory.DefaultElementByBuilder.getBys(DefaultElementByBuilder.java:133)
at io.appium.java_client.pagefactory.DefaultElementByBuilder.buildMobileNativeBy(DefaultElementByBuilder.java:170)
at io.appium.java_client.pagefactory.DefaultElementByBuilder.buildBy(DefaultElementByBuilder.java:204)
at io.appium.java_client.pagefactory.AppiumElementLocatorFactory.createLocator(AppiumElementLocatorFactory.java:66)
at io.appium.java_client.pagefactory.AppiumElementLocatorFactory.createLocator(AppiumElementLocatorFactory.java:53)
at io.appium.java_client.pagefactory.AppiumElementLocatorFactory.createLocator(AppiumElementLocatorFactory.java:1)
at org.openqa.selenium.support.pagefactory.DefaultFieldDecorator.decorate(DefaultFieldDecorator.java:56)
at io.appium.java_client.pagefactory.AppiumFieldDecorator.decorate(AppiumFieldDecorator.java:154)
at org.openqa.selenium.support.PageFactory.proxyFields(PageFactory.java:113)
at org.openqa.selenium.support.PageFactory.initElements(PageFactory.java:105)
at com.qacart.screens.ScreenBase.<init>(ScreenBase.java:15)
at com.qacart.screens.LoginBase.<init>(LoginBase.java:11)
at com.qacart.testCases.LoginTest.loiginTestCase(LoginTest.java:15)
at java.base/java.util.ArrayList.forEach(ArrayList.java:1511)
Caused by: java.lang.NoSuchMethodException: jdk.proxy2.$Proxy10.proxyClassLookup()
at java.base/java.lang.Class.getMethod(Class.java:2195)
at io.appium.java_client.pagefactory.bys.builder.AppiumByBuilder.prepareAnnotationMethods(AppiumByBuilder.java:83)
... 47 more
... Removed 31 stack frames]]>
    </failure>
  </testcase> <!-- loiginTestCase -->
</testsuite> <!-- Android -->
